This is pdfTeX, Version 3.1415926-2.4-1.40.13 (TeX Live 2012/Debian) (format=pdflatex 2014.3.1)  2 MAY 2015 12:00
entering extended mode
 restricted \write18 enabled.
 %&-line parsing enabled.
**manual.tex
(./manual.tex
LaTeX2e <2011/06/27>
Babel <v3.8m> and hyphenation patterns for english, dumylang, nohyphenation, bu
lgarian, ukrainian, russian, loaded.
(/usr/share/texlive/texmf-dist/tex/latex/base/report.cls
Document Class: report 2007/10/19 v1.4h Standard LaTeX document class
(/usr/share/texlive/texmf-dist/tex/latex/base/size12.clo
File: size12.clo 2007/10/19 v1.4h Standard LaTeX file (size option)
)
\c@part=\count79
\c@chapter=\count80
\c@section=\count81
\c@subsection=\count82
\c@subsubsection=\count83
\c@paragraph=\count84
\c@subparagraph=\count85
\c@figure=\count86
\c@table=\count87
\abovecaptionskip=\skip41
\belowcaptionskip=\skip42
\bibindent=\dimen102
)
(/usr/share/texlive/texmf-dist/tex/latex/base/inputenc.sty
Package: inputenc 2008/03/30 v1.1d Input encoding file
\inpenc@prehook=\toks14
\inpenc@posthook=\toks15

(/usr/share/texlive/texmf-dist/tex/latex/base/utf8.def
File: utf8.def 2008/04/05 v1.1m UTF-8 support for inputenc
Now handling font encoding OML ...
... no UTF-8 mapping file for font encoding OML
Now handling font encoding T1 ...
... processing UTF-8 mapping file for font encoding T1

(/usr/share/texlive/texmf-dist/tex/latex/base/t1enc.dfu
File: t1enc.dfu 2008/04/05 v1.1m UTF-8 support for inputenc
   defining Unicode char U+00A1 (decimal 161)
   defining Unicode char U+00A3 (decimal 163)
   defining Unicode char U+00AB (decimal 171)
   defining Unicode char U+00BB (decimal 187)
   defining Unicode char U+00BF (decimal 191)
   defining Unicode char U+00C0 (decimal 192)
   defining Unicode char U+00C1 (decimal 193)
   defining Unicode char U+00C2 (decimal 194)
   defining Unicode char U+00C3 (decimal 195)
   defining Unicode char U+00C4 (decimal 196)
   defining Unicode char U+00C5 (decimal 197)
   defining Unicode char U+00C6 (decimal 198)
   defining Unicode char U+00C7 (decimal 199)
   defining Unicode char U+00C8 (decimal 200)
   defining Unicode char U+00C9 (decimal 201)
   defining Unicode char U+00CA (decimal 202)
   defining Unicode char U+00CB (decimal 203)
   defining Unicode char U+00CC (decimal 204)
   defining Unicode char U+00CD (decimal 205)
   defining Unicode char U+00CE (decimal 206)
   defining Unicode char U+00CF (decimal 207)
   defining Unicode char U+00D0 (decimal 208)
   defining Unicode char U+00D1 (decimal 209)
   defining Unicode char U+00D2 (decimal 210)
   defining Unicode char U+00D3 (decimal 211)
   defining Unicode char U+00D4 (decimal 212)
   defining Unicode char U+00D5 (decimal 213)
   defining Unicode char U+00D6 (decimal 214)
   defining Unicode char U+00D8 (decimal 216)
   defining Unicode char U+00D9 (decimal 217)
   defining Unicode char U+00DA (decimal 218)
   defining Unicode char U+00DB (decimal 219)
   defining Unicode char U+00DC (decimal 220)
   defining Unicode char U+00DD (decimal 221)
   defining Unicode char U+00DE (decimal 222)
   defining Unicode char U+00DF (decimal 223)
   defining Unicode char U+00E0 (decimal 224)
   defining Unicode char U+00E1 (decimal 225)
   defining Unicode char U+00E2 (decimal 226)
   defining Unicode char U+00E3 (decimal 227)
   defining Unicode char U+00E4 (decimal 228)
   defining Unicode char U+00E5 (decimal 229)
   defining Unicode char U+00E6 (decimal 230)
   defining Unicode char U+00E7 (decimal 231)
   defining Unicode char U+00E8 (decimal 232)
   defining Unicode char U+00E9 (decimal 233)
   defining Unicode char U+00EA (decimal 234)
   defining Unicode char U+00EB (decimal 235)
   defining Unicode char U+00EC (decimal 236)
   defining Unicode char U+00ED (decimal 237)
   defining Unicode char U+00EE (decimal 238)
   defining Unicode char U+00EF (decimal 239)
   defining Unicode char U+00F0 (decimal 240)
   defining Unicode char U+00F1 (decimal 241)
   defining Unicode char U+00F2 (decimal 242)
   defining Unicode char U+00F3 (decimal 243)
   defining Unicode char U+00F4 (decimal 244)
   defining Unicode char U+00F5 (decimal 245)
   defining Unicode char U+00F6 (decimal 246)
   defining Unicode char U+00F8 (decimal 248)
   defining Unicode char U+00F9 (decimal 249)
   defining Unicode char U+00FA (decimal 250)
   defining Unicode char U+00FB (decimal 251)
   defining Unicode char U+00FC (decimal 252)
   defining Unicode char U+00FD (decimal 253)
   defining Unicode char U+00FE (decimal 254)
   defining Unicode char U+00FF (decimal 255)
   defining Unicode char U+0102 (decimal 258)
   defining Unicode char U+0103 (decimal 259)
   defining Unicode char U+0104 (decimal 260)
   defining Unicode char U+0105 (decimal 261)
   defining Unicode char U+0106 (decimal 262)
   defining Unicode char U+0107 (decimal 263)
   defining Unicode char U+010C (decimal 268)
   defining Unicode char U+010D (decimal 269)
   defining Unicode char U+010E (decimal 270)
   defining Unicode char U+010F (decimal 271)
   defining Unicode char U+0110 (decimal 272)
   defining Unicode char U+0111 (decimal 273)
   defining Unicode char U+0118 (decimal 280)
   defining Unicode char U+0119 (decimal 281)
   defining Unicode char U+011A (decimal 282)
   defining Unicode char U+011B (decimal 283)
   defining Unicode char U+011E (decimal 286)
   defining Unicode char U+011F (decimal 287)
   defining Unicode char U+0130 (decimal 304)
   defining Unicode char U+0131 (decimal 305)
   defining Unicode char U+0132 (decimal 306)
   defining Unicode char U+0133 (decimal 307)
   defining Unicode char U+0139 (decimal 313)
   defining Unicode char U+013A (decimal 314)
   defining Unicode char U+013D (decimal 317)
   defining Unicode char U+013E (decimal 318)
   defining Unicode char U+0141 (decimal 321)
   defining Unicode char U+0142 (decimal 322)
   defining Unicode char U+0143 (decimal 323)
   defining Unicode char U+0144 (decimal 324)
   defining Unicode char U+0147 (decimal 327)
   defining Unicode char U+0148 (decimal 328)
   defining Unicode char U+014A (decimal 330)
   defining Unicode char U+014B (decimal 331)
   defining Unicode char U+0150 (decimal 336)
   defining Unicode char U+0151 (decimal 337)
   defining Unicode char U+0152 (decimal 338)
   defining Unicode char U+0153 (decimal 339)
   defining Unicode char U+0154 (decimal 340)
   defining Unicode char U+0155 (decimal 341)
   defining Unicode char U+0158 (decimal 344)
   defining Unicode char U+0159 (decimal 345)
   defining Unicode char U+015A (decimal 346)
   defining Unicode char U+015B (decimal 347)
   defining Unicode char U+015E (decimal 350)
   defining Unicode char U+015F (decimal 351)
   defining Unicode char U+0160 (decimal 352)
   defining Unicode char U+0161 (decimal 353)
   defining Unicode char U+0162 (decimal 354)
   defining Unicode char U+0163 (decimal 355)
   defining Unicode char U+0164 (decimal 356)
   defining Unicode char U+0165 (decimal 357)
   defining Unicode char U+016E (decimal 366)
   defining Unicode char U+016F (decimal 367)
   defining Unicode char U+0170 (decimal 368)
   defining Unicode char U+0171 (decimal 369)
   defining Unicode char U+0178 (decimal 376)
   defining Unicode char U+0179 (decimal 377)
   defining Unicode char U+017A (decimal 378)
   defining Unicode char U+017B (decimal 379)
   defining Unicode char U+017C (decimal 380)
   defining Unicode char U+017D (decimal 381)
   defining Unicode char U+017E (decimal 382)
   defining Unicode char U+200C (decimal 8204)
   defining Unicode char U+2013 (decimal 8211)
   defining Unicode char U+2014 (decimal 8212)
   defining Unicode char U+2018 (decimal 8216)
   defining Unicode char U+2019 (decimal 8217)
   defining Unicode char U+201A (decimal 8218)
   defining Unicode char U+201C (decimal 8220)
   defining Unicode char U+201D (decimal 8221)
   defining Unicode char U+201E (decimal 8222)
   defining Unicode char U+2030 (decimal 8240)
   defining Unicode char U+2031 (decimal 8241)
   defining Unicode char U+2039 (decimal 8249)
   defining Unicode char U+203A (decimal 8250)
   defining Unicode char U+2423 (decimal 9251)
)
Now handling font encoding OT1 ...
... processing UTF-8 mapping file for font encoding OT1

(/usr/share/texlive/texmf-dist/tex/latex/base/ot1enc.dfu
File: ot1enc.dfu 2008/04/05 v1.1m UTF-8 support for inputenc
   defining Unicode char U+00A1 (decimal 161)
   defining Unicode char U+00A3 (decimal 163)
   defining Unicode char U+00B8 (decimal 184)
   defining Unicode char U+00BF (decimal 191)
   defining Unicode char U+00C5 (decimal 197)
   defining Unicode char U+00C6 (decimal 198)
   defining Unicode char U+00D8 (decimal 216)
   defining Unicode char U+00DF (decimal 223)
   defining Unicode char U+00E6 (decimal 230)
   defining Unicode char U+00EC (decimal 236)
   defining Unicode char U+00ED (decimal 237)
   defining Unicode char U+00EE (decimal 238)
   defining Unicode char U+00EF (decimal 239)
   defining Unicode char U+00F8 (decimal 248)
   defining Unicode char U+0131 (decimal 305)
   defining Unicode char U+0141 (decimal 321)
   defining Unicode char U+0142 (decimal 322)
   defining Unicode char U+0152 (decimal 338)
   defining Unicode char U+0153 (decimal 339)
   defining Unicode char U+2013 (decimal 8211)
   defining Unicode char U+2014 (decimal 8212)
   defining Unicode char U+2018 (decimal 8216)
   defining Unicode char U+2019 (decimal 8217)
   defining Unicode char U+201C (decimal 8220)
   defining Unicode char U+201D (decimal 8221)
)
Now handling font encoding OMS ...
... processing UTF-8 mapping file for font encoding OMS

(/usr/share/texlive/texmf-dist/tex/latex/base/omsenc.dfu
File: omsenc.dfu 2008/04/05 v1.1m UTF-8 support for inputenc
   defining Unicode char U+00A7 (decimal 167)
   defining Unicode char U+00B6 (decimal 182)
   defining Unicode char U+00B7 (decimal 183)
   defining Unicode char U+2020 (decimal 8224)
   defining Unicode char U+2021 (decimal 8225)
   defining Unicode char U+2022 (decimal 8226)
)
Now handling font encoding OMX ...
... no UTF-8 mapping file for font encoding OMX
Now handling font encoding U ...
... no UTF-8 mapping file for font encoding U
   defining Unicode char U+00A9 (decimal 169)
   defining Unicode char U+00AA (decimal 170)
   defining Unicode char U+00AE (decimal 174)
   defining Unicode char U+00BA (decimal 186)
   defining Unicode char U+02C6 (decimal 710)
   defining Unicode char U+02DC (decimal 732)
   defining Unicode char U+200C (decimal 8204)
   defining Unicode char U+2026 (decimal 8230)
   defining Unicode char U+2122 (decimal 8482)
   defining Unicode char U+2423 (decimal 9251)
))
(/usr/share/texlive/texmf-dist/tex/generic/babel/babel.sty
Package: babel 2008/07/08 v3.8m The Babel package

(/usr/share/texlive/texmf-dist/tex/generic/babel/russianb.ldf
Language: russianb 2008/03/21 v1.1r Russian support from the babel system

(/usr/share/texlive/texmf-dist/tex/generic/babel/babel.def
File: babel.def 2008/07/08 v3.8m Babel common definitions
\babel@savecnt=\count88
\U@D=\dimen103
)
(/usr/share/texlive/texmf-dist/tex/latex/cyrillic/t2aenc.def
File: t2aenc.def 2005/09/27 v1.0i Cyrillic encoding definition file
Now handling font encoding T2A ...
... processing UTF-8 mapping file for font encoding T2A

(/usr/share/texlive/texmf-dist/tex/latex/base/t2aenc.dfu
File: t2aenc.dfu 2008/04/05 v1.1m UTF-8 support for inputenc
   defining Unicode char U+00A4 (decimal 164)
   defining Unicode char U+00A7 (decimal 167)
   defining Unicode char U+00AB (decimal 171)
   defining Unicode char U+00BB (decimal 187)
   defining Unicode char U+0131 (decimal 305)
   defining Unicode char U+0400 (decimal 1024)
   defining Unicode char U+0401 (decimal 1025)
   defining Unicode char U+0402 (decimal 1026)
   defining Unicode char U+0403 (decimal 1027)
   defining Unicode char U+0404 (decimal 1028)
   defining Unicode char U+0405 (decimal 1029)
   defining Unicode char U+0406 (decimal 1030)
   defining Unicode char U+0407 (decimal 1031)
   defining Unicode char U+0408 (decimal 1032)
   defining Unicode char U+0409 (decimal 1033)
   defining Unicode char U+040A (decimal 1034)
   defining Unicode char U+040B (decimal 1035)
   defining Unicode char U+040C (decimal 1036)
   defining Unicode char U+040D (decimal 1037)
   defining Unicode char U+040E (decimal 1038)
   defining Unicode char U+040F (decimal 1039)
   defining Unicode char U+0410 (decimal 1040)
   defining Unicode char U+0411 (decimal 1041)
   defining Unicode char U+0412 (decimal 1042)
   defining Unicode char U+0413 (decimal 1043)
   defining Unicode char U+0414 (decimal 1044)
   defining Unicode char U+0415 (decimal 1045)
   defining Unicode char U+0416 (decimal 1046)
   defining Unicode char U+0417 (decimal 1047)
   defining Unicode char U+0418 (decimal 1048)
   defining Unicode char U+0419 (decimal 1049)
   defining Unicode char U+041A (decimal 1050)
   defining Unicode char U+041B (decimal 1051)
   defining Unicode char U+041C (decimal 1052)
   defining Unicode char U+041D (decimal 1053)
   defining Unicode char U+041E (decimal 1054)
   defining Unicode char U+041F (decimal 1055)
   defining Unicode char U+0420 (decimal 1056)
   defining Unicode char U+0421 (decimal 1057)
   defining Unicode char U+0422 (decimal 1058)
   defining Unicode char U+0423 (decimal 1059)
   defining Unicode char U+0424 (decimal 1060)
   defining Unicode char U+0425 (decimal 1061)
   defining Unicode char U+0426 (decimal 1062)
   defining Unicode char U+0427 (decimal 1063)
   defining Unicode char U+0428 (decimal 1064)
   defining Unicode char U+0429 (decimal 1065)
   defining Unicode char U+042A (decimal 1066)
   defining Unicode char U+042B (decimal 1067)
   defining Unicode char U+042C (decimal 1068)
   defining Unicode char U+042D (decimal 1069)
   defining Unicode char U+042E (decimal 1070)
   defining Unicode char U+042F (decimal 1071)
   defining Unicode char U+0430 (decimal 1072)
   defining Unicode char U+0431 (decimal 1073)
   defining Unicode char U+0432 (decimal 1074)
   defining Unicode char U+0433 (decimal 1075)
   defining Unicode char U+0434 (decimal 1076)
   defining Unicode char U+0435 (decimal 1077)
   defining Unicode char U+0436 (decimal 1078)
   defining Unicode char U+0437 (decimal 1079)
   defining Unicode char U+0438 (decimal 1080)
   defining Unicode char U+0439 (decimal 1081)
   defining Unicode char U+043A (decimal 1082)
   defining Unicode char U+043B (decimal 1083)
   defining Unicode char U+043C (decimal 1084)
   defining Unicode char U+043D (decimal 1085)
   defining Unicode char U+043E (decimal 1086)
   defining Unicode char U+043F (decimal 1087)
   defining Unicode char U+0440 (decimal 1088)
   defining Unicode char U+0441 (decimal 1089)
   defining Unicode char U+0442 (decimal 1090)
   defining Unicode char U+0443 (decimal 1091)
   defining Unicode char U+0444 (decimal 1092)
   defining Unicode char U+0445 (decimal 1093)
   defining Unicode char U+0446 (decimal 1094)
   defining Unicode char U+0447 (decimal 1095)
   defining Unicode char U+0448 (decimal 1096)
   defining Unicode char U+0449 (decimal 1097)
   defining Unicode char U+044A (decimal 1098)
   defining Unicode char U+044B (decimal 1099)
   defining Unicode char U+044C (decimal 1100)
   defining Unicode char U+044D (decimal 1101)
   defining Unicode char U+044E (decimal 1102)
   defining Unicode char U+044F (decimal 1103)
   defining Unicode char U+0450 (decimal 1104)
   defining Unicode char U+0451 (decimal 1105)
   defining Unicode char U+0452 (decimal 1106)
   defining Unicode char U+0453 (decimal 1107)
   defining Unicode char U+0454 (decimal 1108)
   defining Unicode char U+0455 (decimal 1109)
   defining Unicode char U+0456 (decimal 1110)
   defining Unicode char U+0457 (decimal 1111)
   defining Unicode char U+0458 (decimal 1112)
   defining Unicode char U+0459 (decimal 1113)
   defining Unicode char U+045A (decimal 1114)
   defining Unicode char U+045B (decimal 1115)
   defining Unicode char U+045C (decimal 1116)
   defining Unicode char U+045D (decimal 1117)
   defining Unicode char U+045E (decimal 1118)
   defining Unicode char U+045F (decimal 1119)
   defining Unicode char U+0490 (decimal 1168)
   defining Unicode char U+0491 (decimal 1169)
   defining Unicode char U+0492 (decimal 1170)
   defining Unicode char U+0493 (decimal 1171)
   defining Unicode char U+0496 (decimal 1174)
   defining Unicode char U+0497 (decimal 1175)
   defining Unicode char U+0498 (decimal 1176)
   defining Unicode char U+0499 (decimal 1177)
   defining Unicode char U+049A (decimal 1178)
   defining Unicode char U+049B (decimal 1179)
   defining Unicode char U+049C (decimal 1180)
   defining Unicode char U+049D (decimal 1181)
   defining Unicode char U+04A0 (decimal 1184)
   defining Unicode char U+04A1 (decimal 1185)
   defining Unicode char U+04A2 (decimal 1186)
   defining Unicode char U+04A3 (decimal 1187)
   defining Unicode char U+04A4 (decimal 1188)
   defining Unicode char U+04A5 (decimal 1189)
   defining Unicode char U+04AA (decimal 1194)
   defining Unicode char U+04AB (decimal 1195)
   defining Unicode char U+04AE (decimal 1198)
   defining Unicode char U+04AF (decimal 1199)
   defining Unicode char U+04B0 (decimal 1200)
   defining Unicode char U+04B1 (decimal 1201)
   defining Unicode char U+04B2 (decimal 1202)
   defining Unicode char U+04B3 (decimal 1203)
   defining Unicode char U+04B6 (decimal 1206)
   defining Unicode char U+04B7 (decimal 1207)
   defining Unicode char U+04B8 (decimal 1208)
   defining Unicode char U+04B9 (decimal 1209)
   defining Unicode char U+04BA (decimal 1210)
   defining Unicode char U+04BB (decimal 1211)
   defining Unicode char U+04C0 (decimal 1216)
   defining Unicode char U+04C1 (decimal 1217)
   defining Unicode char U+04C2 (decimal 1218)
   defining Unicode char U+04D0 (decimal 1232)
   defining Unicode char U+04D1 (decimal 1233)
   defining Unicode char U+04D2 (decimal 1234)
   defining Unicode char U+04D3 (decimal 1235)
   defining Unicode char U+04D4 (decimal 1236)
   defining Unicode char U+04D5 (decimal 1237)
   defining Unicode char U+04D6 (decimal 1238)
   defining Unicode char U+04D7 (decimal 1239)
   defining Unicode char U+04D8 (decimal 1240)
   defining Unicode char U+04D9 (decimal 1241)
   defining Unicode char U+04DA (decimal 1242)
   defining Unicode char U+04DB (decimal 1243)
   defining Unicode char U+04DC (decimal 1244)
   defining Unicode char U+04DD (decimal 1245)
   defining Unicode char U+04DE (decimal 1246)
   defining Unicode char U+04DF (decimal 1247)
   defining Unicode char U+04E2 (decimal 1250)
   defining Unicode char U+04E3 (decimal 1251)
   defining Unicode char U+04E4 (decimal 1252)
   defining Unicode char U+04E5 (decimal 1253)
   defining Unicode char U+04E6 (decimal 1254)
   defining Unicode char U+04E7 (decimal 1255)
   defining Unicode char U+04E8 (decimal 1256)
   defining Unicode char U+04E9 (decimal 1257)
   defining Unicode char U+04EC (decimal 1260)
   defining Unicode char U+04ED (decimal 1261)
   defining Unicode char U+04EE (decimal 1262)
   defining Unicode char U+04EF (decimal 1263)
   defining Unicode char U+04F0 (decimal 1264)
   defining Unicode char U+04F1 (decimal 1265)
   defining Unicode char U+04F2 (decimal 1266)
   defining Unicode char U+04F3 (decimal 1267)
   defining Unicode char U+04F4 (decimal 1268)
   defining Unicode char U+04F5 (decimal 1269)
   defining Unicode char U+04F8 (decimal 1272)
   defining Unicode char U+04F9 (decimal 1273)
   defining Unicode char U+200C (decimal 8204)
   defining Unicode char U+2013 (decimal 8211)
   defining Unicode char U+2014 (decimal 8212)
   defining Unicode char U+2018 (decimal 8216)
   defining Unicode char U+2019 (decimal 8217)
   defining Unicode char U+201C (decimal 8220)
   defining Unicode char U+201D (decimal 8221)
   defining Unicode char U+201E (decimal 8222)
   defining Unicode char U+2030 (decimal 8240)
   defining Unicode char U+2031 (decimal 8241)
   defining Unicode char U+2116 (decimal 8470)
   defining Unicode char U+2329 (decimal 9001)
   defining Unicode char U+232A (decimal 9002)
   defining Unicode char U+2423 (decimal 9251)
))
Package babel Info: Making " an active character on input line 199.
))
(/usr/share/texlive/texmf-dist/tex/latex/hyperref/hyperref.sty
Package: hyperref 2012/05/13 v6.82q Hypertext links for LaTeX

(/usr/share/texlive/texmf-dist/tex/generic/oberdiek/hobsub-hyperref.sty
Package: hobsub-hyperref 2012/05/28 v1.13 Bundle oberdiek, subset hyperref (HO)


(/usr/share/texlive/texmf-dist/tex/generic/oberdiek/hobsub-generic.sty
Package: hobsub-generic 2012/05/28 v1.13 Bundle oberdiek, subset generic (HO)
Package: hobsub 2012/05/28 v1.13 Construct package bundles (HO)
Package: infwarerr 2010/04/08 v1.3 Providing info/warning/error messages (HO)
Package: ltxcmds 2011/11/09 v1.22 LaTeX kernel commands for general use (HO)
Package: ifluatex 2010/03/01 v1.3 Provides the ifluatex switch (HO)
Package ifluatex Info: LuaTeX not detected.
Package: ifvtex 2010/03/01 v1.5 Detect VTeX and its facilities (HO)
Package ifvtex Info: VTeX not detected.
Package: intcalc 2007/09/27 v1.1 Expandable calculations with integers (HO)
Package: ifpdf 2011/01/30 v2.3 Provides the ifpdf switch (HO)
Package ifpdf Info: pdfTeX in PDF mode is detected.
Package: etexcmds 2011/02/16 v1.5 Avoid name clashes with e-TeX commands (HO)
Package etexcmds Info: Could not find \expanded.
(etexcmds)             That can mean that you are not using pdfTeX 1.50 or
(etexcmds)             that some package has redefined \expanded.
(etexcmds)             In the latter case, load this package earlier.
Package: kvsetkeys 2012/04/25 v1.16 Key value parser (HO)
Package: kvdefinekeys 2011/04/07 v1.3 Define keys (HO)
Package: pdftexcmds 2011/11/29 v0.20 Utility functions of pdfTeX for LuaTeX (HO
)
Package pdftexcmds Info: LuaTeX not detected.
Package pdftexcmds Info: \pdf@primitive is available.
Package pdftexcmds Info: \pdf@ifprimitive is available.
Package pdftexcmds Info: \pdfdraftmode found.
Package: pdfescape 2011/11/25 v1.13 Implements pdfTeX's escape features (HO)
Package: bigintcalc 2012/04/08 v1.3 Expandable calculations on big integers (HO
)
Package: bitset 2011/01/30 v1.1 Handle bit-vector datatype (HO)
Package: uniquecounter 2011/01/30 v1.2 Provide unlimited unique counter (HO)
)
Package hobsub Info: Skipping package `hobsub' (already loaded).
Package: letltxmacro 2010/09/02 v1.4 Let assignment for LaTeX macros (HO)
Package: hopatch 2012/05/28 v1.2 Wrapper for package hooks (HO)
Package: xcolor-patch 2011/01/30 xcolor patch
Package: atveryend 2011/06/30 v1.8 Hooks at the very end of document (HO)
Package atveryend Info: \enddocument detected (standard20110627).
Package: atbegshi 2011/10/05 v1.16 At begin shipout hook (HO)
Package: refcount 2011/10/16 v3.4 Data extraction from label references (HO)
Package: hycolor 2011/01/30 v1.7 Color options for hyperref/bookmark (HO)
)
(/usr/share/texlive/texmf-dist/tex/latex/graphics/keyval.sty
Package: keyval 1999/03/16 v1.13 key=value parser (DPC)
\KV@toks@=\toks16
)
(/usr/share/texlive/texmf-dist/tex/generic/ifxetex/ifxetex.sty
Package: ifxetex 2010/09/12 v0.6 Provides ifxetex conditional
)
(/usr/share/texlive/texmf-dist/tex/latex/oberdiek/kvoptions.sty
Package: kvoptions 2011/06/30 v3.11 Key value format for package options (HO)
)
\@linkdim=\dimen104
\Hy@linkcounter=\count89
\Hy@pagecounter=\count90

(/usr/share/texlive/texmf-dist/tex/latex/hyperref/pd1enc.def
File: pd1enc.def 2012/05/13 v6.82q Hyperref: PDFDocEncoding definition (HO)
Now handling font encoding PD1 ...
... no UTF-8 mapping file for font encoding PD1
)
\Hy@SavedSpaceFactor=\count91
Package hyperref Info: Option `unicode' set `true' on input line 3177.

(/usr/share/texlive/texmf-dist/tex/latex/hyperref/puenc.def
File: puenc.def 2012/05/13 v6.82q Hyperref: PDF Unicode definition (HO)
Now handling font encoding PU ...
... no UTF-8 mapping file for font encoding PU
)
(/usr/share/texlive/texmf-dist/tex/latex/latexconfig/hyperref.cfg
File: hyperref.cfg 2002/06/06 v1.2 hyperref configuration of TeXLive
)
Package hyperref Info: Hyper figures OFF on input line 4062.
Package hyperref Info: Link nesting OFF on input line 4067.
Package hyperref Info: Hyper index ON on input line 4070.
Package hyperref Info: Plain pages OFF on input line 4077.
Package hyperref Info: Backreferencing OFF on input line 4082.
Package hyperref Info: Implicit mode ON; LaTeX internals redefined.
Package hyperref Info: Bookmarks ON on input line 4300.
\c@Hy@tempcnt=\count92

(/usr/share/texlive/texmf-dist/tex/latex/url/url.sty
\Urlmuskip=\muskip10
Package: url 2006/04/12  ver 3.3  Verb mode for urls, etc.
)
LaTeX Info: Redefining \url on input line 4653.
\Fld@menulength=\count93
\Field@Width=\dimen105
\Fld@charsize=\dimen106
Package hyperref Info: Hyper figures OFF on input line 5773.
Package hyperref Info: Link nesting OFF on input line 5778.
Package hyperref Info: Hyper index ON on input line 5781.
Package hyperref Info: backreferencing OFF on input line 5788.
Package hyperref Info: Link coloring OFF on input line 5793.
Package hyperref Info: Link coloring with OCG OFF on input line 5798.
Package hyperref Info: PDF/A mode OFF on input line 5803.
LaTeX Info: Redefining \ref on input line 5843.
LaTeX Info: Redefining \pageref on input line 5847.
\Hy@abspage=\count94
\c@Item=\count95
\c@Hfootnote=\count96
)

Package hyperref Message: Driver (autodetected): hpdftex.

(/usr/share/texlive/texmf-dist/tex/latex/hyperref/hpdftex.def
File: hpdftex.def 2012/05/13 v6.82q Hyperref driver for pdfTeX
\Fld@listcount=\count97
\c@bookmark@seq@number=\count98

(/usr/share/texlive/texmf-dist/tex/latex/oberdiek/rerunfilecheck.sty
Package: rerunfilecheck 2011/04/15 v1.7 Rerun checks for auxiliary files (HO)
Package uniquecounter Info: New unique counter `rerunfilecheck' on input line 2
82.
)
\Hy@SectionHShift=\skip43
)
(/usr/share/texlive/texmf-dist/tex/latex/graphics/graphicx.sty
Package: graphicx 1999/02/16 v1.0f Enhanced LaTeX Graphics (DPC,SPQR)

(/usr/share/texlive/texmf-dist/tex/latex/graphics/graphics.sty
Package: graphics 2009/02/05 v1.0o Standard LaTeX Graphics (DPC,SPQR)

(/usr/share/texlive/texmf-dist/tex/latex/graphics/trig.sty
Package: trig 1999/03/16 v1.09 sin cos tan (DPC)
)
(/usr/share/texlive/texmf-dist/tex/latex/latexconfig/graphics.cfg
File: graphics.cfg 2010/04/23 v1.9 graphics configuration of TeX Live
)
Package graphics Info: Driver file: pdftex.def on input line 91.

(/usr/share/texlive/texmf-dist/tex/latex/pdftex-def/pdftex.def
File: pdftex.def 2011/05/27 v0.06d Graphics/color for pdfTeX
\Gread@gobject=\count99
))
\Gin@req@height=\dimen107
\Gin@req@width=\dimen108
)
(../../commons/doc/style.tex) (../../commons/doc/commands.tex) (./manual.aux
LaTeX Font Info:    Try loading font information for T2A+cmr on input line 18.

(/usr/share/texlive/texmf-dist/tex/latex/cyrillic/t2acmr.fd
File: t2acmr.fd 2001/08/11 v1.0a Computer Modern Cyrillic font definitions
))
\openout1 = `manual.aux'.

LaTeX Font Info:    Checking defaults for OML/cmm/m/it on input line 18.
LaTeX Font Info:    ... okay on input line 18.
LaTeX Font Info:    Checking defaults for T1/cmr/m/n on input line 18.
LaTeX Font Info:    ... okay on input line 18.
LaTeX Font Info:    Checking defaults for OT1/cmr/m/n on input line 18.
LaTeX Font Info:    ... okay on input line 18.
LaTeX Font Info:    Checking defaults for OMS/cmsy/m/n on input line 18.
LaTeX Font Info:    ... okay on input line 18.
LaTeX Font Info:    Checking defaults for OMX/cmex/m/n on input line 18.
LaTeX Font Info:    ... okay on input line 18.
LaTeX Font Info:    Checking defaults for U/cmr/m/n on input line 18.
LaTeX Font Info:    ... okay on input line 18.
LaTeX Font Info:    Checking defaults for T2A/cmr/m/n on input line 18.
LaTeX Font Info:    ... okay on input line 18.
LaTeX Font Info:    Checking defaults for PD1/pdf/m/n on input line 18.
LaTeX Font Info:    ... okay on input line 18.
LaTeX Font Info:    Checking defaults for PU/pdf/m/n on input line 18.
LaTeX Font Info:    ... okay on input line 18.
\AtBeginShipoutBox=\box26
Package hyperref Info: Link coloring OFF on input line 18.

(/usr/share/texlive/texmf-dist/tex/latex/hyperref/nameref.sty
Package: nameref 2010/04/30 v2.40 Cross-referencing by name of section

(/usr/share/texlive/texmf-dist/tex/generic/oberdiek/gettitlestring.sty
Package: gettitlestring 2010/12/03 v1.4 Cleanup title references (HO)
)
\c@section@level=\count100
)
LaTeX Info: Redefining \ref on input line 18.
LaTeX Info: Redefining \pageref on input line 18.
LaTeX Info: Redefining \nameref on input line 18.

(./manual.out) (./manual.out)
\@outlinefile=\write3
\openout3 = `manual.out'.


(/usr/share/texlive/texmf-dist/tex/context/base/supp-pdf.mkii
[Loading MPS to PDF converter (version 2006.09.02).]
\scratchcounter=\count101
\scratchdimen=\dimen109
\scratchbox=\box27
\nofMPsegments=\count102
\nofMParguments=\count103
\everyMPshowfont=\toks17
\MPscratchCnt=\count104
\MPscratchDim=\dimen110
\MPnumerator=\count105
\makeMPintoPDFobject=\count106
\everyMPtoPDFconversion=\toks18
) (/usr/share/texlive/texmf-dist/tex/latex/oberdiek/epstopdf-base.sty
Package: epstopdf-base 2010/02/09 v2.5 Base part for package epstopdf

(/usr/share/texlive/texmf-dist/tex/latex/oberdiek/grfext.sty
Package: grfext 2010/08/19 v1.1 Manage graphics extensions (HO)
)
Package grfext Info: Graphics extension search list:
(grfext)             [.png,.pdf,.jpg,.mps,.jpeg,.jbig2,.jb2,.PNG,.PDF,.JPG,.JPE
G,.JBIG2,.JB2,.eps]
(grfext)             \AppendGraphicsExtensions on input line 452.

(/usr/share/texlive/texmf-dist/tex/latex/latexconfig/epstopdf-sys.cfg
File: epstopdf-sys.cfg 2010/07/13 v1.3 Configuration of (r)epstopdf for TeX Liv
e
))
LaTeX Font Info:    External font `cmex10' loaded for size
(Font)              <14.4> on input line 21.
LaTeX Font Info:    External font `cmex10' loaded for size
(Font)              <7> on input line 21.

[1


{/var/lib/texmf/fonts/map/pdftex/updmap/pdftex.map}] (./manual.toc
LaTeX Font Info:    External font `cmex10' loaded for size
(Font)              <12> on input line 3.
LaTeX Font Info:    External font `cmex10' loaded for size
(Font)              <8> on input line 3.
LaTeX Font Info:    External font `cmex10' loaded for size
(Font)              <6> on input line 3.
pdfTeX warning (ext4): destination with the same identifier (name{page.1}) has 
been already used, duplicate ignored
<to be read again> 
                   \relax 
l.38 ...cyrc }\IeC {\cyre }}{15}{subsection.5.2.2}
                                                   [1



])
\tf@toc=\write4
\openout4 = `manual.toc'.

 [2]
{\Russian \CYRG \cyrl \cyra \cyrv \cyra } 1.

Underfull \hbox (badness 2512) in paragraph at lines 26--27
[]\T2A/cmr/m/n/12 Установка ќ 1 (да-лее --- Уста-нов-
 []


Underfull \hbox (badness 6332) in paragraph at lines 26--27
\T2A/cmr/m/n/12 ка) пред-став-ля-ет со-бой программно-
 []


Underfull \hbox (badness 2310) in paragraph at lines 28--29
[]\T2A/cmr/m/n/12 Установка про-из-во-дит съјм по-ка-за-
 []


Underfull \hbox (badness 10000) in paragraph at lines 30--31
[]\T2A/cmr/m/n/12 Управление тем-пе-ра-ту-рой Об-раз-ца
 []


Underfull \hbox (badness 10000) in paragraph at lines 30--31
\T2A/cmr/m/n/12 про-из-во-дит-ся внеш-ни-ми устрой-ства-
 []


Underfull \hbox (badness 1546) in paragraph at lines 30--31
\T2A/cmr/m/n/12 ми. Уста-нов-ка са-ма ни-как не вли-я-ет
 []


Underfull \hbox (badness 10000) in paragraph at lines 30--31
\T2A/cmr/m/n/12 на тем-пе-ра-ту-ру Об-раз-ца, а толь-ко
 []

LaTeX Font Info:    Try loading font information for OMS+cmr on input line 42.
(/usr/share/texlive/texmf-dist/tex/latex/base/omscmr.fd
File: omscmr.fd 1999/05/25 v2.5h Standard LaTeX font definitions
)
LaTeX Font Info:    Font shape `OMS/cmr/m/n' in size <12> not available
(Font)              Font shape `OMS/cmsy/m/n' tried instead on input line 42.

Underfull \hbox (badness 10000) in paragraph at lines 42--43
[]\T2A/cmr/m/n/12 Преобразователь ин-тер-фей-сов
 []


Underfull \hbox (badness 1028) in paragraph at lines 42--43
\T2A/cmr/m/n/12 (1 шт.). Пред-на-зна-чен для со-пря-
 []


Underfull \hbox (badness 2237) in paragraph at lines 42--43
\T2A/cmr/m/n/12 же-ния устройств, ра-бо-та-ю-щих на
 []


Underfull \hbox (badness 2951) in paragraph at lines 42--43
\T2A/cmr/m/n/12 RS-485, и к нему под-клю-ча-ют-ся
 []


Underfull \hbox (badness 4144) in paragraph at lines 44--45
[]\T2A/cmr/m/n/12 Измеритель-регулятор од-но-ка-наль-
 []


Underfull \hbox (badness 10000) in paragraph at lines 44--45
\T2A/cmr/m/n/12 ный ТРМ-201 ком-па-нии ОВЕН
 []


Underfull \hbox (badness 2556) in paragraph at lines 44--45
\T2A/cmr/m/n/12 (1 шт.). Пред-на-зна-чен для опре-
 []


Underfull \hbox (badness 10000) in paragraph at lines 44--45
\T2A/cmr/m/n/12 де-ле-ния тем-пе-ра-ту-ры Об-раз-ца
 []


Underfull \hbox (badness 10000) in paragraph at lines 48--48
[]\T2A/cmr/bx/n/14.4 Состав про-грамм-ной
 []

(../../commons/doc/software-parts.tex [3


])
Underfull \hbox (badness 1248) in paragraph at lines 61--62
\T2A/cmr/m/n/12 из-ме-ре-ний вво-дит-ся опе-ра-то-ром пе-ред
 []


Underfull \hbox (badness 1292) in paragraph at lines 64--65
\T2A/cmr/m/n/12 за-ния ре-ги-стри-ру-ют-ся с фик-си-ро-
 []


Underfull \hbox (badness 1838) in paragraph at lines 65--66
[]\T2A/cmr/bx/n/12 Температурная за-ви-си-мость \T2A/cmr/m/n/12 ---
 []


Underfull \hbox (badness 1117) in paragraph at lines 65--66
\T2A/cmr/m/n/12 по-ка-за-ния ре-ги-стри-ру-ют-ся с фик-
 []

[4

]
{\Russian \CYRG \cyrl \cyra \cyrv \cyra } 2.

Underfull \hbox (badness 2884) in paragraph at lines 77--78
\T2A/cmr/m/n/12 јмам со-еди-ни-тель-но-го бок-са со-глас-но
 []

(../../commons/doc/owen-as4/prepare.tex)
Underfull \hbox (badness 4096) in paragraph at lines 3--82
\T2A/cmr/m/n/12 стви-тель-но к ка-че-ству со-еди-не-ния с
 []

(../../commons/doc/owen-trm201/prepare.tex [5

])
Underfull \hbox (badness 10000) in paragraph at lines 87--87
[]\T2A/cmr/bx/n/17.28 Подготовка про-
 []


Underfull \hbox (badness 1789) in paragraph at lines 91--92
\T2A/cmr/m/n/12 Для это-го убе-ди-тесь, что Про-грам-ма
 []


Underfull \hbox (badness 1803) in paragraph at lines 93--94
\T2A/cmr/m/n/12 че-ство со-еди-не-ний, по-ло-же-ние кно-пок
 []

(../../commons/doc/dut/geometry.tex) (../../commons/doc/dut/files.tex [6]
LaTeX Font Info:    Try loading font information for T2A+cmtt on input line 3.

(/usr/share/texlive/texmf-dist/tex/latex/cyrillic/t2acmtt.fd
File: t2acmtt.fd 2001/08/11 v1.0a Computer Modern Cyrillic font definitions
)
Underfull \hbox (badness 3323) in paragraph at lines 3--5
\T2A/cmr/m/n/12 вве-де-но <<\T2A/cmtt/m/n/12 C:\res\%AUTODATE%\res.txt\T2A/cmr/
m/n/12 >>,
 []


Underfull \hbox (badness 1521) in paragraph at lines 11--12
\T2A/cmr/m/n/12 та-бу-ля-ции. Фор-мат под-дер-жи-ва-ет-
 []


Underfull \hbox (badness 2735) in paragraph at lines 12--13
\T2A/cmr/m/n/12 то-ром каж-дое из-ме-ре-ние за-пи-сы-
 []


Underfull \hbox (badness 1867) in paragraph at lines 12--13
\T2A/cmr/m/n/12 ва-ет-ся в от-дель-ной стро-ке, внут-
 []

)
Underfull \hbox (badness 4229) in paragraph at lines 17--107
[]\T2A/cmr/m/n/12 В по-ле <<\T2A/cmr/bx/n/12 Ком-мен-та-рий\T2A/cmr/m/n/12 >>[]
 вво-дит-ся
 []


Underfull \hbox (badness 1184) in paragraph at lines 117--118
[]\T2A/cmr/m/n/12 Если тре-бу-ет-ся ре-ги-стра-ция с фик-
 []


Underfull \hbox (badness 1142) in paragraph at lines 117--118
\T2A/cmr/m/n/12 вы-бе-ри-те флаг <<\T2A/cmr/bx/n/12 Вре-мен-ная за-ви-си-
 []


Underfull \hbox (badness 1184) in paragraph at lines 119--120
[]\T2A/cmr/m/n/12 Если тре-бу-ет-ся ре-ги-стра-ция с фик-
 []

[7] (../../commons/doc/ui/r-measures.tex

LaTeX Warning: Reference `sec_r_measures' on page 8 undefined on input line 3.


Underfull \hbox (badness 2538) in paragraph at lines 5--6
[]\T2A/cmr/m/n/12 Флаг <<\T2A/cmr/bx/n/12 Вольт-мет-ром/ Ам-пер-мет-
 []


Underfull \hbox (badness 5607) in paragraph at lines 7--8
[]\T2A/cmr/m/n/12 Флаг <<\T2A/cmr/bx/n/12 Вольт-мет-ром/ Вольт-мет-
 []


Underfull \hbox (badness 10000) in paragraph at lines 9--10
[]\T2A/cmr/m/n/12 Флаг <<\T2A/cmr/bx/n/12 Вольт-мет-ром/ вруч-ную\T2A/cmr/m/n/1
2 >>
 []


Underfull \hbox (badness 1248) in paragraph at lines 11--12
\T2A/cmr/m/n/12 ству-ю-щий ме-тод из-ме-ре-ния. До-пол-ни-
 []


Underfull \hbox (badness 2837) in paragraph at lines 16--17
[]\T2A/cmr/m/n/12 Если в ка-че-стве I1 ис-поль-зу-ет-ся
 []


Underfull \hbox (badness 1502) in paragraph at lines 16--17
\T2A/cmr/m/n/12 ной си-лы то-ка. Уста-нав-ли-вать еј
 []


Underfull \hbox (badness 1521) in paragraph at lines 17--18
[]\T2A/cmr/m/n/12 Если ис-поль-зу-ет-ся неуправ-ля-е-мый
 []


Underfull \hbox (badness 7273) in paragraph at lines 17--18
\T2A/cmr/m/n/12 ИП, то вве-дјн-ное зна-че-ние ис-
 []


Underfull \hbox (badness 1540) in paragraph at lines 20--21
\T2A/cmr/m/n/12 зу-ет-ся толь-ко в ре-жи-ме <<\T2A/cmr/bx/n/12 Вольт-мет-
 []


Underfull \hbox (badness 1895) in paragraph at lines 20--21
\T2A/cmr/bx/n/12 ром/вручную\T2A/cmr/m/n/12 >> для опре-де-ле-ния ин-
 []

) [8]
{\Russian \CYRG \cyrl \cyra \cyrv \cyra } 3.

Underfull \hbox (badness 1552) in paragraph at lines 131--131
[]\T2A/cmr/bx/n/17.28 Проведение из-ме-ре-
 []


Underfull \hbox (badness 4441) in paragraph at lines 137--138
\T2A/cmr/m/n/12 раз-ца, на-при-мер уве-ли-че-ни-ем на-пря-
 []


Underfull \hbox (badness 2150) in paragraph at lines 137--138
\T2A/cmr/m/n/12 же-ния на об-мот-ке элек-тро-пе-чи. Ско-
 []


LaTeX Warning: Reference `sec_voltmeter_manually' on page 9 undefined on input 
line 143.


Underfull \hbox (badness 5446) in paragraph at lines 145--146
[]\T2A/cmr/m/n/12 По окон-ча-нии из-ме-ре-ний на-жми-те
 []


Underfull \vbox (badness 10000) has occurred while \output is active []

 [9

]
Underfull \hbox (badness 6332) in paragraph at lines 149--149
[]\T2A/cmr/bx/n/17.28 Индикация из-ме-ре-
 []

[10]
Underfull \hbox (badness 1622) in paragraph at lines 181--182
\T2A/cmr/m/n/12 зван-ной тем, что ско-рость из-ме-не-ния
 []


Underfull \hbox (badness 1533) in paragraph at lines 185--186
\T2A/cmr/m/n/12 Также ин-ди-ка-ция из-ме-ре-ний про-из-во-
 []


Underfull \hbox (badness 1939) in paragraph at lines 190--191
[]\T2A/cmr/m/n/12 сопротивление меж-ду по-тен-ци-аль-
 []


Underfull \hbox (badness 10000) in paragraph at lines 191--192
\T2A/cmr/m/n/12 Об-раз-це меж-ду по-тен-ци-аль-ны-ми
 []


Underfull \hbox (badness 10000) in paragraph at lines 202--203
[]\T2A/cmr/m/n/12 <<\T2A/cmtt/m/n/12 Date/Time\T2A/cmr/m/n/12 >> --- мест-ные д
а-та
 []


Underfull \hbox (badness 6510) in paragraph at lines 202--203
\T2A/cmr/m/n/12 и вре-мя, в ко-то-рое бы-ло про-
 []


Underfull \hbox (badness 10000) in paragraph at lines 202--203
\T2A/cmr/m/n/12 из-ве-де-но из-ме-ре-ние, в фор-ма-те
 []


Underfull \hbox (badness 1394) in paragraph at lines 204--205
\T2A/cmr/m/n/12 тем-пе-ра-ту-ры в К. Здесь и да-лее
 []


Underfull \hbox (badness 2529) in paragraph at lines 204--205
\T2A/cmr/m/n/12 аб-со-лют-ная ин-стру-мен-таль-ная по-
 []


Underfull \hbox (badness 3428) in paragraph at lines 212--213
[]\T2A/cmr/m/n/12 <<\T2A/cmtt/m/n/12 Rho\T2A/cmr/m/n/12 >> --- удель-ное со-про
-тив-ле-ние
 []

[11] [12

]
{\Russian \CYRG \cyrl \cyra \cyrv \cyra } 4.

Underfull \hbox (badness 1810) in paragraph at lines 219--220
\T2A/cmr/m/n/12 грам-мы. Про-грам-ма про-из-ве-дјт сброс
 []


Underfull \hbox (badness 4303) in paragraph at lines 221--221
[]\T2A/cmr/bx/n/17.28 Отключение при-бо-
 []


Underfull \hbox (badness 10000) in paragraph at lines 223--224
\T2A/cmr/m/n/12 Отключение при-бо-ров ре-ко-мен-ду-ет-ся
 []


Underfull \hbox (badness 10000) in paragraph at lines 225--225
[]\T2A/cmr/bx/n/14.4 Отключение муль-ти-
 []

(../../commons/doc/agilent-34410A/release.tex
Underfull \hbox (badness 10000) in paragraph at lines 3--4
[]\T2A/cmr/m/n/12 Переведите пе-ре-клю-ча-тель
 []


Underfull \hbox (badness 1337) in paragraph at lines 3--4
\T2A/cmr/m/n/12 <<Front/Rear>> в по-ло-же-ние <<Rear>>
 []

) (../../commons/doc/any-power-supply/release.tex)
Underfull \hbox (badness 10000) in paragraph at lines 233--233
[]\T2A/cmr/bx/n/14.4 Отключение со-еди-ни-
 []


Underfull \hbox (badness 10000) in paragraph at lines 235--236
\T2A/cmr/m/n/12 Выключите пи-та-ние со-еди-ни-тель-но-го
 []

[13

]
{\Russian \CYRG \cyrl \cyra \cyrv \cyra } 5.
(../../commons/doc/ini-file.tex
Underfull \hbox (badness 10000) in paragraph at lines 1--2
\T2A/cmr/m/n/12 Все свои на-строй-ки про-грам-ма со-
 []


Underfull \hbox (badness 2418) in paragraph at lines 1--2
\T2A/cmr/m/n/12 хра-ня-ет в обыч-ном фай-ле с име-нем
 []


Underfull \hbox (badness 1430) in paragraph at lines 1--2
\T2A/cmr/m/n/12 сто-вый фор-мат, и при необ-хо-ди-мо-сти
 []


Underfull \hbox (badness 1540) in paragraph at lines 1--2
\T2A/cmr/m/n/12 ном тек-сто-вом ре-дак-то-ре. Ес-ли файл
 []


Underfull \hbox (badness 4981) in paragraph at lines 1--2
\T2A/cmr/m/n/12 Про-грам-мы, он бу-дет ав-то-ма-ти-че-ски
 []


Underfull \hbox (badness 10000) in paragraph at lines 8--9
[]\T2A/cmr/m/n/12 Создајм два раз-ных ка-та-ло-
 []


Underfull \hbox (badness 10000) in paragraph at lines 8--9
\T2A/cmr/m/n/12 га, на-при-мер \T2A/cmtt/m/n/12 C:\config\exp1 \T2A/cmr/m/n/12 
и
 []


Underfull \hbox (badness 10000) in paragraph at lines 10--11
[]\T2A/cmr/m/n/12 Сама про-грам-ма путь бу-
 []


Underfull \hbox (badness 10000) in paragraph at lines 10--11
\T2A/cmr/m/n/12 дет рас-по-ло-же-на в ка-та-ло-ге
 []

) [14

]
Underfull \hbox (badness 10000) in paragraph at lines 249--249
[]\T2A/cmr/bx/n/17.28 Настройка из-ме-ре-
 []


Underfull \hbox (badness 2726) in paragraph at lines 251--252
\T2A/cmr/m/n/12 Откройте вклад-ку <<\T2A/cmr/bx/n/12 Па-ра-мет-ры из-
 []

(../../commons/doc/owen-mvu8/configure.tex
Underfull \hbox (badness 1342) in paragraph at lines 7--8
\T2A/cmr/m/n/12 фи-гу-ра-то-ром устрой-ство МВУ-8 пе-ре-
 []


Underfull \hbox (badness 6268) in paragraph at lines 7--8
\T2A/cmr/m/n/12 хо-дит в ре-жим ра-бо-ты с про-то-ко-
 []

)
Underfull \hbox (badness 10000) in paragraph at lines 259--259
[]\T2A/cmr/bx/n/14.4 Вольтметр/омметр на
 []


LaTeX Warning: Reference `sec_schematic_diagram' on page 15 undefined on input 
line 262.

(../../commons/doc/agilent-34410A/configure.tex [15]
Underfull \hbox (badness 5359) in paragraph at lines 11--12
\T2A/cmr/m/n/12 ана-ло-гич-но-го, под-клю-ча-е-мо-го по-сред-
 []

)
Underfull \hbox (badness 10000) in paragraph at lines 266--266
[]\T2A/cmr/bx/n/14.4 Амперметр/вольтметр
 []


LaTeX Warning: Reference `sec_schematic_diagram' on page 16 undefined on input 
line 268.


Underfull \hbox (badness 10000) in paragraph at lines 270--271
[]\T2A/cmr/bx/n/12 ВНИМАНИЕ: \T2A/cmr/m/n/12 Ес-ли муль-ти-метр
 []

[16]

LaTeX Warning: Reference `sec_schematic_diagram' on page 17 undefined on input 
line 274.


Underfull \hbox (badness 6708) in paragraph at lines 276--277
[]\T2A/cmr/bx/n/12 ВНИМАНИЕ: \T2A/cmr/m/n/12 Ес-ли ис-поль-зу-ет-ся
 []

(../../commons/doc/agilent-E3645A/configure.tex)
Underfull \hbox (badness 10000) in paragraph at lines 280--280
[]\T2A/cmr/bx/n/17.28 Настройка из-ме-ре-
 []


Underfull \hbox (badness 2726) in paragraph at lines 282--283
\T2A/cmr/m/n/12 Откройте вклад-ку <<\T2A/cmr/bx/n/12 Па-ра-мет-ры из-
 []


Underfull \hbox (badness 10000) in paragraph at lines 284--284
[]\T2A/cmr/bx/n/14.4 Способ под-клю-че-ния
 []


LaTeX Warning: Reference `sec_t_measures' on page 17 undefined on input line 28
6.


Underfull \hbox (badness 1253) in paragraph at lines 286--287
\T2A/cmr/m/n/12 В дан-ном раз-де-ле опе-ра-тор вы-би-ра-ет
 []


LaTeX Warning: Reference `sec_schematic_diagram' on page 17 undefined on input 
line 290.


Underfull \hbox (badness 10000) in paragraph at lines 292--292
[]\T2A/cmr/bx/n/14.4 Измеритель-регулятор
 []

[17] (../../commons/doc/owen-trm201/configure.tex)
(../../commons/doc/tc/configure.tex
Underfull \hbox (badness 4001) in paragraph at lines 25--26
[]\T2A/cmr/m/n/12 Флаг <<\T2A/cmr/bx/n/12 Инв. по-ляр-ность\T2A/cmr/m/n/12 >> м
е-ня-ет
 []


Underfull \hbox (badness 4647) in paragraph at lines 25--26
\T2A/cmr/m/n/12 вольт-мет-ру. Ес-ли тем-пе-ра-ту-ра, отоб-
 []


Underfull \hbox (badness 7344) in paragraph at lines 25--26
\T2A/cmr/m/n/12 ра-жа-е-мая Про-грам-мой, некор-рект-ная
 []


Underfull \hbox (badness 1337) in paragraph at lines 25--26
\T2A/cmr/m/n/12 про-ти-во-по-лож-ное. Ес-ли же тер-мо-па-ра
 []


Underfull \hbox (badness 1308) in paragraph at lines 27--28
\T2A/cmr/m/n/12 но от тер-мо-па-ры. Как из-вест-но, вся-
 []

[18]
Underfull \hbox (badness 1005) in paragraph at lines 29--30
\T2A/cmr/m/n/12 ную, ко-то-рая со-дер-жит в се-бе тем-пе-
 []


Underfull \hbox (badness 3138) in paragraph at lines 38--39
[]\T2A/cmr/m/n/12 Нажмите кноп-ку <<\T2A/cmr/bx/n/12 Ка-либ-ров-ка\T2A/cmr/m/n/
12 >>,
 []

[19]
Underfull \hbox (badness 5359) in paragraph at lines 44--45
[]\T2A/cmr/m/n/12 Аналогичным об-ра-зом до-жди-тесь
 []

)
Underfull \hbox (badness 10000) in paragraph at lines 304--304
[]\T2A/cmr/bx/n/17.28 Завершение на-
 []


Underfull \hbox (badness 4981) in paragraph at lines 306--307
\T2A/cmr/m/n/12 По окон-ча-нии на-строй-ки Про-грам-ма
 []

[20

]
{\Russian \CYRG \cyrl \cyra \cyrv \cyra } 6.

Underfull \hbox (badness 10000) in paragraph at lines 310--310
[]\T2A/cmr/bx/n/17.28 Общие ре-ко-мен-да-
 []

(../../commons/doc/log-file.tex [21

])
Package atveryend Info: Empty hook `BeforeClearDocument' on input line 328.
 [22

]
Package atveryend Info: Empty hook `AfterLastShipout' on input line 328.
 (./manual.aux)
Package atveryend Info: Executing hook `AtVeryEndDocument' on input line 328.
Package atveryend Info: Executing hook `AtEndAfterFileList' on input line 328.
Package rerunfilecheck Info: File `manual.out' has not changed.
(rerunfilecheck)             Checksum: 65FC3E4820BAE25182304712CF7155D9;8819.


LaTeX Warning: There were undefined references.

Package atveryend Info: Empty hook `AtVeryVeryEnd' on input line 328.
 ) 
Here is how much of TeX's memory you used:
 7510 strings out of 494816
 101892 string characters out of 3177879
 181154 words of memory out of 3000000
 10470 multiletter control sequences out of 15000+200000
 15773 words of font info for 37 fonts, out of 3000000 for 9000
 198 hyphenation exceptions out of 8191
 29i,7n,28p,1207b,486s stack positions out of 5000i,500n,10000p,200000b,50000s
 </home/andrey/.texmf-var/fonts/pk/ljfour/lh/lh-t2a/lati1200.600pk> </home/an
drey/.texmf-var/fonts/pk/ljfour/lh/lh-t2a/latt1200.600pk> </home/andrey/.texmf-
var/fonts/pk/ljfour/lh/lh-t2a/labx1440.600pk> </home/andrey/.texmf-var/fonts/pk
/ljfour/lh/lh-t2a/labx1728.600pk> </home/andrey/.texmf-var/fonts/pk/ljfour/lh/l
h-t2a/larm1200.600pk> </home/andrey/.texmf-var/fonts/pk/ljfour/lh/lh-t2a/labx12
00.600pk> </home/andrey/.texmf-var/fonts/pk/ljfour/lh/lh-t2a/labx2488.600pk> </
home/andrey/.texmf-var/fonts/pk/ljfour/lh/lh-t2a/larm1440.600pk> </home/andrey/
.texmf-var/fonts/pk/ljfour/lh/lh-t2a/larm2074.600pk></usr/share/texlive/texmf-d
ist/fonts/type1/public/amsfonts/cm/cmmi12.pfb></usr/share/texlive/texmf-dist/fo
nts/type1/public/amsfonts/cm/cmmi8.pfb></usr/share/texlive/texmf-dist/fonts/typ
e1/public/amsfonts/cm/cmr12.pfb></usr/share/texlive/texmf-dist/fonts/type1/publ
ic/amsfonts/cm/cmr8.pfb></usr/share/texlive/texmf-dist/fonts/type1/public/amsfo
nts/cm/cmsy10.pfb>
Output written on manual.pdf (23 pages, 249919 bytes).
PDF statistics:
 914 PDF objects out of 1000 (max. 8388607)
 409 compressed objects within 5 object streams
 110 named destinations out of 1000 (max. 500000)
 321 words of extra memory for PDF output out of 10000 (max. 10000000)

