\BOOKMARK [0][-]{chapter.1}{\376\377\004\036\004\061\004\111\004\070\004\065\000\040\004\101\004\062\004\065\004\064\004\065\004\075\004\070\004\117}{}% 1
\BOOKMARK [1][-]{section.1.1}{\376\377\004\041\004\076\004\101\004\102\004\060\004\062\000\040\004\043\004\101\004\102\004\060\004\075\004\076\004\062\004\072\004\070}{chapter.1}% 2
\BOOKMARK [2][-]{subsection.1.1.1}{\376\377\004\041\004\076\004\101\004\102\004\060\004\062\000\040\004\060\004\077\004\077\004\060\004\100\004\060\004\102\004\075\004\076\004\071\000\040\004\107\004\060\004\101\004\102\004\070}{section.1.1}% 3
\BOOKMARK [2][-]{subsection.1.1.2}{\376\377\004\041\004\076\004\101\004\102\004\060\004\062\000\040\004\077\004\100\004\076\004\063\004\100\004\060\004\074\004\074\004\075\004\076\004\071\000\040\004\107\004\060\004\101\004\102\004\070}{section.1.1}% 4
\BOOKMARK [1][-]{section.1.2}{\376\377\004\037\004\100\004\070\004\075\004\106\004\070\004\077\000\040\004\100\004\060\004\061\004\076\004\102\004\113}{chapter.1}% 5
\BOOKMARK [0][-]{chapter.2}{\376\377\004\037\004\076\004\064\004\063\004\076\004\102\004\076\004\062\004\072\004\060\000\040\004\072\000\040\004\100\004\060\004\061\004\076\004\102\004\065}{}% 6
\BOOKMARK [1][-]{section.2.1}{\376\377\004\037\004\076\004\064\004\063\004\076\004\102\004\076\004\062\004\072\004\060\000\040\004\060\004\077\004\077\004\060\004\100\004\060\004\102\004\075\004\076\004\071\000\040\004\107\004\060\004\101\004\102\004\070}{chapter.2}% 7
\BOOKMARK [2][-]{subsection.2.1.1}{\376\377\004\037\004\076\004\064\004\063\004\076\004\102\004\076\004\062\004\072\004\060\000\040\004\036\004\061\004\100\004\060\004\067\004\106\004\060\000\040\004\070\000\040\004\102\004\065\004\100\004\074\004\076\004\077\004\060\004\100\004\113}{section.2.1}% 8
\BOOKMARK [2][-]{subsection.2.1.2}{\376\377\004\037\004\076\004\064\004\063\004\076\004\102\004\076\004\062\004\072\004\060\000\040\004\020\004\041\000-\0004}{section.2.1}% 9
\BOOKMARK [2][-]{subsection.2.1.3}{\376\377\004\037\004\076\004\064\004\063\004\076\004\102\004\076\004\062\004\072\004\060\000\040\004\042\004\040\004\034\000-\0002\0000\0001}{section.2.1}% 10
\BOOKMARK [1][-]{section.2.2}{\376\377\004\037\004\076\004\064\004\063\004\076\004\102\004\076\004\062\004\072\004\060\000\040\004\077\004\100\004\076\004\063\004\100\004\060\004\074\004\074\004\075\004\076\004\071\000\040\004\107\004\060\004\101\004\102\004\070}{chapter.2}% 11
\BOOKMARK [2][-]{subsection.2.2.1}{\376\377\004\037\004\060\004\100\004\060\004\074\004\065\004\102\004\100\004\113\000\040\004\036\004\061\004\100\004\060\004\067\004\106\004\060}{section.2.2}% 12
\BOOKMARK [2][-]{subsection.2.2.2}{\376\377\004\037\004\060\004\100\004\060\004\074\004\065\004\102\004\100\004\113\000\040\004\070\004\067\004\074\004\065\004\100\004\065\004\075\004\070\004\117}{section.2.2}% 13
\BOOKMARK [0][-]{chapter.3}{\376\377\004\030\004\067\004\074\004\065\004\100\004\065\004\075\004\070\004\117}{}% 14
\BOOKMARK [1][-]{section.3.1}{\376\377\004\037\004\100\004\076\004\062\004\065\004\064\004\065\004\075\004\070\004\065\000\040\004\070\004\067\004\074\004\065\004\100\004\065\004\075\004\070\004\071}{chapter.3}% 15
\BOOKMARK [1][-]{section.3.2}{\376\377\004\030\004\075\004\064\004\070\004\072\004\060\004\106\004\070\004\117\000\040\004\070\004\067\004\074\004\065\004\100\004\065\004\075\004\070\004\071}{chapter.3}% 16
\BOOKMARK [2][-]{subsection.3.2.1}{\376\377\004\024\004\070\004\060\004\063\004\100\004\060\004\074\004\074\004\113}{section.3.2}% 17
\BOOKMARK [2][-]{subsection.3.2.2}{\376\377\004\042\004\065\004\072\004\101\004\102\004\076\004\062\004\113\004\065\000\040\004\077\004\076\004\073\004\117}{section.3.2}% 18
\BOOKMARK [1][-]{section.3.3}{\376\377\004\044\004\060\004\071\004\073\000\040\004\100\004\065\004\067\004\103\004\073\004\114\004\102\004\060\004\102\004\076\004\062}{chapter.3}% 19
\BOOKMARK [0][-]{chapter.4}{\376\377\004\027\004\060\004\062\004\065\004\100\004\110\004\065\004\075\004\070\004\065\000\040\004\100\004\060\004\061\004\076\004\102\004\113}{}% 20
\BOOKMARK [1][-]{section.4.1}{\376\377\004\036\004\102\004\072\004\073\004\116\004\107\004\065\004\075\004\070\004\065\000\040\004\077\004\100\004\070\004\061\004\076\004\100\004\076\004\062}{chapter.4}% 21
\BOOKMARK [2][-]{subsection.4.1.1}{\376\377\004\036\004\102\004\072\004\073\004\116\004\107\004\065\004\075\004\070\004\065\000\040\004\074\004\103\004\073\004\114\004\102\004\070\004\074\004\065\004\102\004\100\004\076\004\062\000\040\0003\0004\0004\0001\0000\000A\000/\0003\0004\0004\0000\0001\000A}{section.4.1}% 22
\BOOKMARK [2][-]{subsection.4.1.2}{\376\377\004\036\004\102\004\072\004\073\004\116\004\107\004\065\004\075\004\070\004\065\000\040\004\070\004\101\004\102\004\076\004\107\004\075\004\070\004\072\004\060\000\040\004\077\004\070\004\102\004\060\004\075\004\070\004\117}{section.4.1}% 23
\BOOKMARK [2][-]{subsection.4.1.3}{\376\377\004\036\004\102\004\072\004\073\004\116\004\107\004\065\004\075\004\070\004\065\000\040\004\101\004\076\004\065\004\064\004\070\004\075\004\070\004\102\004\065\004\073\004\114\004\075\004\076\004\063\004\076\000\040\004\061\004\076\004\072\004\101\004\060}{section.4.1}% 24
\BOOKMARK [0][-]{chapter.5}{\376\377\004\035\004\060\004\101\004\102\004\100\004\076\004\071\004\072\004\060\000\040\004\037\004\100\004\076\004\063\004\100\004\060\004\074\004\074\004\113}{}% 25
\BOOKMARK [1][-]{section.5.1}{\376\377\004\044\004\060\004\071\004\073\000\040\004\072\004\076\004\075\004\104\004\070\004\063\004\103\004\100\004\060\004\106\004\070\004\070}{chapter.5}% 26
\BOOKMARK [1][-]{section.5.2}{\376\377\004\035\004\060\004\101\004\102\004\100\004\076\004\071\004\072\004\060\000\040\004\070\004\067\004\074\004\065\004\100\004\065\004\075\004\070\004\117\000\040\004\101\004\076\004\077\004\100\004\076\004\102\004\070\004\062\004\073\004\065\004\075\004\070\004\117}{chapter.5}% 27
\BOOKMARK [2][-]{subsection.5.2.1}{\376\377\004\021\004\073\004\076\004\072\000\040\004\100\004\065\004\073\004\065}{section.5.2}% 28
\BOOKMARK [2][-]{subsection.5.2.2}{\376\377\004\022\004\076\004\073\004\114\004\102\004\074\004\065\004\102\004\100\000/\004\076\004\074\004\074\004\065\004\102\004\100\000\040\004\075\004\060\000\040\004\076\004\061\004\100\004\060\004\067\004\106\004\065}{section.5.2}% 29
\BOOKMARK [2][-]{subsection.5.2.3}{\376\377\004\020\004\074\004\077\004\065\004\100\004\074\004\065\004\102\004\100\000/\004\062\004\076\004\073\004\114\004\102\004\074\004\065\004\102\004\100\000\040\004\075\004\060\000\040\004\115\004\102\004\060\004\073\004\076\004\075\004\065}{section.5.2}% 30
\BOOKMARK [2][-]{subsection.5.2.4}{\376\377\004\030\004\101\004\102\004\076\004\107\004\075\004\070\004\072\000\040\004\077\004\070\004\102\004\060\004\075\004\070\004\117}{section.5.2}% 31
\BOOKMARK [1][-]{section.5.3}{\376\377\004\035\004\060\004\101\004\102\004\100\004\076\004\071\004\072\004\060\000\040\004\070\004\067\004\074\004\065\004\100\004\065\004\075\004\070\004\117\000\040\004\102\004\065\004\074\004\077\004\065\004\100\004\060\004\102\004\103\004\100\004\113}{chapter.5}% 32
\BOOKMARK [2][-]{subsection.5.3.1}{\376\377\004\041\004\077\004\076\004\101\004\076\004\061\000\040\004\077\004\076\004\064\004\072\004\073\004\116\004\107\004\065\004\075\004\070\004\117\000\040\004\102\004\065\004\100\004\074\004\076\004\077\004\060\004\100\004\113}{section.5.3}% 33
\BOOKMARK [2][-]{subsection.5.3.2}{\376\377\004\022\004\076\004\073\004\114\004\102\004\074\004\065\004\102\004\100\000\040\004\075\004\060\000\040\004\102\004\065\004\100\004\074\004\076\004\077\004\060\004\100\004\065}{section.5.3}% 34
\BOOKMARK [2][-]{subsection.5.3.3}{\376\377\004\030\004\067\004\074\004\065\004\100\004\070\004\102\004\065\004\073\004\114\000-\004\100\004\065\004\063\004\103\004\073\004\117\004\102\004\076\004\100\000\040\004\042\004\040\004\034\000-\0002\0000\0001}{section.5.3}% 35
\BOOKMARK [2][-]{subsection.5.3.4}{\376\377\004\042\004\065\004\100\004\074\004\076\004\077\004\060\004\100\004\060}{section.5.3}% 36
\BOOKMARK [1][-]{section.5.4}{\376\377\004\027\004\060\004\062\004\065\004\100\004\110\004\065\004\075\004\070\004\065\000\040\004\075\004\060\004\101\004\102\004\100\004\076\004\071\004\072\004\070}{chapter.5}% 37
\BOOKMARK [0][-]{chapter.6}{\376\377\004\043\004\101\004\102\004\100\004\060\004\075\004\065\004\075\004\070\004\065\000\040\004\075\004\065\004\070\004\077\004\100\004\060\004\062\004\075\004\076\004\101\004\102\004\065\004\071}{}% 38
\BOOKMARK [1][-]{section.6.1}{\376\377\004\036\004\061\004\111\004\070\004\065\000\040\004\100\004\065\004\072\004\076\004\074\004\065\004\075\004\064\004\060\004\106\004\070\004\070}{chapter.6}% 39
\BOOKMARK [1][-]{section.6.2}{\376\377\004\044\004\060\004\071\004\073\000\040\004\077\004\100\004\076\004\102\004\076\004\072\004\076\004\073\004\060}{chapter.6}% 40
