[2012-01-11T00:03:08]	error	measure::config	Error executing worker thread: can't find package crc16
[2012-01-11T00:03:08]	error	measure::config	Error executing finalizer: can't find package crc16
[2012-01-11T00:03:52]	error	measure::config	Error executing worker thread: can't find package crc16
[2012-01-11T00:03:52]	error	measure::config	Error executing finalizer: can't find package crc16
[2012-02-28T21:04:37]	error	measure::worker	Error executing worker thread: can't find package hardware::scpi
[2012-02-28T21:15:15]	error	measure::worker	Error executing worker thread: can't find package hardware::scpi
[2012-02-28T21:15:26]	error	measure::worker	Error executing worker thread: can't find package hardware::scpi
[2012-02-28T21:16:26]	error	measure::worker	Error executing worker thread: can't find package hardware::scpi
[2012-02-28T21:18:38]	error	measure::worker	Error executing worker thread: can't find package hardware::scpi
[2012-02-28T21:19:01]	error	measure::worker	Error executing worker thread: can't find package hardware::scpi
[2012-02-28T21:19:16]	error	measure::worker	Error executing worker thread: can't find package hardware::scpi
[2012-02-28T21:22:30]	error	measure::worker	Error executing worker thread: can't find package hardware::scpi
[2012-02-28T21:23:38]	error	measure::worker	Error executing worker thread: can't find package hardware::scpi
[2012-02-28T21:23:53]	error	measure::worker	Error executing worker thread: can't find package hardware::scpi
[2012-02-28T21:28:29]	error	measure::worker	Error executing worker thread: can't find package hardware::scpi
[2012-02-28T21:30:26]	error	measure::worker	Error executing worker thread: can't find package hardware::scpi
[2012-02-28T21:31:40]	error	measure::worker	Error executing worker thread: can't find package hardware::scpi
[2012-02-28T21:34:43]	error	measure::worker	Error executing worker thread: can't find package hardware::scpi
[2012-02-28T21:38:13]	error	measure::worker	Error executing worker thread: can't find package hardware::scpi
[2012-02-28T21:38:48]	error	measure::worker	Error executing worker thread: can't find package hardware::scpi
[2012-02-28T21:46:25]	error	measure::worker	Error executing worker thread: can't find package hardware::scpi
[2012-02-28T21:46:47]	error	measure::worker	Error executing worker thread: can't find package hardware::scpi
[2012-02-28T21:47:12]	error	measure::worker	Error executing worker thread: can't find package hardware::scpi
[2012-02-28T21:47:48]	error	measure::worker	Error executing worker thread: can't find package hardware::scpi
[2012-02-28T22:03:04]	error	measure::worker	Error executing worker thread: can't find package hardware::scpi
[2012-03-06T10:56:33]	error	measure::worker	Error executing worker thread: can't find package hardware::scpi
[2012-03-06T13:59:06]	error	measure::worker	Error executing worker thread: can't find package hardware::scpi
[2012-03-06T13:59:48]	error	measure::worker	Error executing worker thread: can't find package hardware::scpi
[2012-03-06T15:08:58]	error	measure::worker	Error executing worker thread: can't find package hardware::scpi
[2012-03-06T15:09:26]	error	measure	Error executing worker thread: couldn't open socket: connection refused
[2012-03-06T15:09:26]	error	measure	Error executing finalizer: can't read "Priv(fd)": no such element in array
[2012-03-06T15:09:26]	error	measure::worker	Error executing worker thread: can't find package hardware::scpi
[2012-03-06T15:12:03]	error	measure	Error executing worker thread: can't read "mm": no such variable
[2012-03-06T15:12:03]	error	measure	Error executing finalizer: can't read "Priv(fd)": no such element in array
[2012-03-06T15:12:03]	error	measure::worker	Error executing worker thread: can't find package hardware::scpi
[2012-03-06T15:18:06]	error	measure	Error executing worker thread: can't read "mm": no such variable
[2012-03-06T15:18:06]	error	measure	Error executing finalizer: can't read "Priv(fd)": no such element in array
[2012-03-06T15:18:06]	error	measure::worker	Error executing worker thread: can't find package hardware::scpi
[2012-03-06T15:21:44]	error	measure	Error executing worker thread: can't read "mm": no such variable
[2012-03-06T15:21:44]	error	measure	Error executing finalizer: can't read "Priv(fd)": no such element in array
[2012-03-06T15:21:44]	error	measure::worker	Error executing worker thread: can't find package hardware::scpi
[2012-03-06T15:33:03]	error	measure::worker	Error executing worker thread: can't find package hardware::scpi
[2012-03-06T15:33:22]	error	measure::worker	Error executing worker thread: can't find package hardware::scpi
[2012-03-06T15:33:59]	error	measure::worker	Error executing worker thread: can't find package hardware::scpi
[2012-03-06T15:34:15]	error	measure::worker	Error executing worker thread: can't find package hardware::scpi
[2012-03-06T15:35:14]	error	measure::worker	Error executing worker thread: can't find package hardware::scpi
[2012-03-06T15:35:50]	error	measure::worker	Error executing worker thread: can't find package hardware::scpi
[2012-03-06T15:36:10]	error	measure::worker	Error executing worker thread: can't find package hardware::scpi
[2012-03-06T15:36:56]	error	measure::worker	Error executing worker thread: can't find package hardware::scpi
[2012-03-06T15:37:15]	error	measure::worker	Error executing worker thread: can't find package hardware::scpi
